1510207199.171032 client started (20945): version 2.6, socket /tmp/tmux-1000/default, protocol 8
1510207199.171078 on Linux 4.13.11-31.current #1 SMP Thu Nov 2 20:26:59 UTC 2017; libevent 2.1.8-stable (poll)
1510207199.171108 socket is /tmp/tmux-1000/default
1510207199.171129 trying connect
1510207199.171201 add peer 0x21e9720: 6 ((nil))
1510207199.171276 sending message 100 to peer 0x21e9720 (4 bytes)
1510207199.171291 sending message 101 to peer 0x21e9720 (7 bytes)
1510207199.171299 sending message 102 to peer 0x21e9720 (11 bytes)
1510207199.171306 sending message 108 to peer 0x21e9720 (35 bytes)
1510207199.171313 sending message 104 to peer 0x21e9720 (0 bytes)
1510207199.171319 sending message 107 to peer 0x21e9720 (4 bytes)
1510207199.171325 sending message 105 to peer 0x21e9720 (11 bytes)
1510207199.171331 sending message 105 to peer 0x21e9720 (18 bytes)
1510207199.171338 sending message 105 to peer 0x21e9720 (23 bytes)
1510207199.171344 sending message 105 to peer 0x21e9720 (17 bytes)
1510207199.171351 sending message 105 to peer 0x21e9720 (12 bytes)
1510207199.171359 sending message 105 to peer 0x21e9720 (16 bytes)
1510207199.171366 sending message 105 to peer 0x21e9720 (14 bytes)
1510207199.171372 sending message 105 to peer 0x21e9720 (18 bytes)
1510207199.171379 sending message 105 to peer 0x21e9720 (46 bytes)
1510207199.171385 sending message 105 to peer 0x21e9720 (57 bytes)
1510207199.171395 sending message 105 to peer 0x21e9720 (28 bytes)
1510207199.171403 sending message 105 to peer 0x21e9720 (12 bytes)
1510207199.171410 sending message 105 to peer 0x21e9720 (58 bytes)
1510207199.171417 sending message 105 to peer 0x21e9720 (52 bytes)
1510207199.171424 sending message 105 to peer 0x21e9720 (53 bytes)
1510207199.171431 sending message 105 to peer 0x21e9720 (80 bytes)
1510207199.171438 sending message 105 to peer 0x21e9720 (36 bytes)
1510207199.171446 sending message 105 to peer 0x21e9720 (171 bytes)
1510207199.171453 sending message 105 to peer 0x21e9720 (31 bytes)
1510207199.171460 sending message 105 to peer 0x21e9720 (26 bytes)
1510207199.171467 sending message 105 to peer 0x21e9720 (18 bytes)
1510207199.171474 sending message 105 to peer 0x21e9720 (21 bytes)
1510207199.171480 sending message 105 to peer 0x21e9720 (39 bytes)
1510207199.171486 sending message 105 to peer 0x21e9720 (21 bytes)
1510207199.171493 sending message 105 to peer 0x21e9720 (20 bytes)
1510207199.171499 sending message 105 to peer 0x21e9720 (16 bytes)
1510207199.171507 sending message 105 to peer 0x21e9720 (13 bytes)
1510207199.171557 sending message 105 to peer 0x21e9720 (24 bytes)
1510207199.171566 sending message 105 to peer 0x21e9720 (26 bytes)
1510207199.171573 sending message 105 to peer 0x21e9720 (15 bytes)
1510207199.171580 sending message 105 to peer 0x21e9720 (8 bytes)
1510207199.171587 sending message 105 to peer 0x21e9720 (18 bytes)
1510207199.171594 sending message 105 to peer 0x21e9720 (44 bytes)
1510207199.171601 sending message 105 to peer 0x21e9720 (35 bytes)
1510207199.171611 sending message 105 to peer 0x21e9720 (15 bytes)
1510207199.171619 sending message 105 to peer 0x21e9720 (54 bytes)
1510207199.171627 sending message 105 to peer 0x21e9720 (31 bytes)
1510207199.171634 sending message 105 to peer 0x21e9720 (11 bytes)
1510207199.171641 sending message 105 to peer 0x21e9720 (33 bytes)
1510207199.171648 sending message 105 to peer 0x21e9720 (26 bytes)
1510207199.171655 sending message 105 to peer 0x21e9720 (36 bytes)
1510207199.171662 sending message 105 to peer 0x21e9720 (20 bytes)
1510207199.171669 sending message 105 to peer 0x21e9720 (16 bytes)
1510207199.171676 sending message 105 to peer 0x21e9720 (16 bytes)
1510207199.171683 sending message 106 to peer 0x21e9720 (0 bytes)
1510207199.171691 sending message 200 to peer 0x21e9720 (4 bytes)
1510207199.171698 client loop enter
1510207199.175408 peer 0x21e9720 message 211
1510207199.175440 peer 0x21e9720 message 203
1510207199.175451 client loop exit
